<?xml version="1.0" encoding="utf-8"?><testsuites name="pytest tests"><testsuite name="pytest" errors="0" failures="0" skipped="6" tests="37" time="4.183" timestamp="2026-02-27T11:58:00.135453+00:00" hostname="agent-env-321d9214-fdb0-43bc-988b-75514c119928"><testcase classname="tests.test_competitor_analysis.TestIdentifyCompetitorsFunction" name="test_known_brands_detection_semrush" time="1.917" /><testcase classname="tests.test_competitor_analysis.TestIdentifyCompetitorsFunction" name="test_known_brands_detection_ahrefs" time="0.000" /><testcase classname="tests.test_competitor_analysis.TestIdentifyCompetitorsFunction" name="test_known_brands_detection_google" time="0.000" /><testcase classname="tests.test_competitor_analysis.TestIdentifyCompetitorsFunction" name="test_known_brands_detection_multiple_mentions" time="0.000" /><testcase classname="tests.test_competitor_analysis.TestIdentifyCompetitorsFunction" name="test_user_defined_competitors_tracking" time="0.000" /><testcase classname="tests.test_competitor_analysis.TestIdentifyCompetitorsFunction" name="test_false_positive_filtering_common_french_words" time="0.000" /><testcase classname="tests.test_competitor_analysis.TestIdentifyCompetitorsFunction" name="test_false_positive_filtering_common_english_words" time="0.000" /><testcase classname="tests.test_competitor_analysis.TestIdentifyCompetitorsFunction" name="test_visibility_score_calculation" time="0.000" /><testcase classname="tests.test_competitor_analysis.TestIdentifyCompetitorsFunction" name="test_presence_rate_calculation" time="0.001" /><testcase classname="tests.test_competitor_analysis.TestIdentifyCompetitorsFunction" name="test_responses_containing_count" time="0.001" /><testcase classname="tests.test_competitor_analysis.TestIdentifyCompetitorsFunction" name="test_ai_sources_tracking" time="0.001" /><testcase classname="tests.test_competitor_analysis.TestIdentifyCompetitorsFunction" name="test_own_brand_exclusion" time="0.000" /><testcase classname="tests.test_competitor_analysis.TestIdentifyCompetitorsFunction" name="test_discovered_vs_user_defined_flags" time="0.000" /><testcase classname="tests.test_competitor_analysis.TestIdentifyCompetitorsFunction" name="test_empty_responses_handling" time="0.000" /><testcase classname="tests.test_competitor_analysis.TestIdentifyCompetitorsFunction" name="test_short_responses_skipped" time="0.000" /><testcase classname="tests.test_competitor_analysis.TestCompetitorComparisonStructure" name="test_competitor_comparison_contains_required_fields" time="0.174"><skipped type="pytest.skip" message="No analysis data available for this project">/app/backend/tests/test_competitor_analysis.py:398: No analysis data available for this project</skipped></testcase><testcase classname="tests.test_competitor_analysis.TestCompetitorComparisonStructure" name="test_competitor_comparison_visibility_rate_range" time="0.108"><skipped type="pytest.skip" message="No analysis data available">/app/backend/tests/test_competitor_analysis.py:419: No analysis data available</skipped></testcase><testcase classname="tests.test_competitor_analysis.TestCompetitorComparisonStructure" name="test_competitor_comparison_presence_rate_range" time="0.114"><skipped type="pytest.skip" message="No analysis data available">/app/backend/tests/test_competitor_analysis.py:433: No analysis data available</skipped></testcase><testcase classname="tests.test_competitor_analysis.TestCompetitorComparisonStructure" name="test_competitor_comparison_ai_sources_is_list" time="0.102"><skipped type="pytest.skip" message="No analysis data available">/app/backend/tests/test_competitor_analysis.py:447: No analysis data available</skipped></testcase><testcase classname="tests.test_competitor_analysis.TestAnalysisSummaryCompetitors" name="test_analysis_summary_has_competitor_arrays" time="0.116"><skipped type="pytest.skip" message="No analysis data available">/app/backend/tests/test_competitor_analysis.py:465: No analysis data available</skipped></testcase><testcase classname="tests.test_competitor_analysis.TestAnalysisSummaryCompetitors" name="test_indices_has_dominance_index" time="0.110"><skipped type="pytest.skip" message="No analysis data available">/app/backend/tests/test_competitor_analysis.py:479: No analysis data available</skipped></testcase><testcase classname="tests.test_competitor_analysis.TestKnownBrandsDatabase" name="test_tech_giants_detection" time="0.001" /><testcase classname="tests.test_competitor_analysis.TestKnownBrandsDatabase" name="test_seo_tools_detection" time="0.001" /><testcase classname="tests.test_competitor_analysis.TestKnownBrandsDatabase" name="test_ai_tools_detection" time="0.001" /><testcase classname="tests.test_geo_api.TestVisibilityAPI" name="test_visibility_endpoint_returns_200" time="0.155" /><testcase classname="tests.test_geo_api.TestVisibilityAPI" name="test_visibility_endpoint_returns_correct_structure" time="0.117" /><testcase classname="tests.test_geo_api.TestVisibilityAPI" name="test_visibility_endpoint_position_distribution_structure" time="0.107" /><testcase classname="tests.test_geo_api.TestVisibilityAPI" name="test_visibility_endpoint_returns_401_without_auth" time="0.101" /><testcase classname="tests.test_geo_api.TestVisibilityAPI" name="test_visibility_endpoint_returns_404_for_invalid_project" time="0.112" /><testcase classname="tests.test_geo_api.TestContentAuditAPI" name="test_content_audit_endpoint_returns_200" time="0.100" /><testcase classname="tests.test_geo_api.TestContentAuditAPI" name="test_content_audit_endpoint_returns_correct_structure" time="0.110" /><testcase classname="tests.test_geo_api.TestContentAuditAPI" name="test_content_audit_endpoint_returns_401_without_auth" time="0.114" /><testcase classname="tests.test_geo_api.TestContentAuditAPI" name="test_content_audit_endpoint_returns_404_for_invalid_project" time="0.107" /><testcase classname="tests.test_geo_api.TestHealthEndpoint" name="test_health_endpoint_returns_200" time="0.103" /><testcase classname="tests.test_geo_api.TestHealthEndpoint" name="test_health_endpoint_returns_healthy_status" time="0.108" /><testcase classname="tests.test_geo_api.TestSubscriptionPlansEndpoint" name="test_subscription_plans_returns_200" time="0.114" /><testcase classname="tests.test_geo_api.TestSubscriptionPlansEndpoint" name="test_subscription_plans_contains_required_plans" time="0.105" /></testsuite></testsuites>