<?xml version="1.0" encoding="utf-8"?><testsuites name="pytest tests"><testsuite name="pytest" errors="0" failures="1" skipped="0" tests="29" time="6.342" timestamp="2026-03-10T14:21:05.324192+00:00" hostname="agent-env-ec17dbd5-922f-495f-ba20-617ff289f3a9"><testcase classname="tests.test_router_endpoints.TestAuthRouter" name="test_auth_providers_returns_available_providers" time="0.218" /><testcase classname="tests.test_router_endpoints.TestAuthRouter" name="test_auth_session_requires_session_id" time="0.072" /><testcase classname="tests.test_router_endpoints.TestAuthRouter" name="test_auth_me_requires_authentication" time="0.104" /><testcase classname="tests.test_router_endpoints.TestAuthRouter" name="test_auth_me_returns_user_with_valid_token" time="0.529" /><testcase classname="tests.test_router_endpoints.TestAuthRouter" name="test_auth_logout_succeeds" time="0.065" /><testcase classname="tests.test_router_endpoints.TestProjectsRouter" name="test_projects_requires_authentication" time="0.124" /><testcase classname="tests.test_router_endpoints.TestProjectsRouter" name="test_get_projects_returns_list" time="0.062" /><testcase classname="tests.test_router_endpoints.TestProjectsRouter" name="test_create_project" time="0.183" /><testcase classname="tests.test_router_endpoints.TestProjectsRouter" name="test_get_project_by_id" time="1.624" /><testcase classname="tests.test_router_endpoints.TestProjectsRouter" name="test_update_project" time="0.385" /><testcase classname="tests.test_router_endpoints.TestProjectsRouter" name="test_delete_project" time="0.627" /><testcase classname="tests.test_router_endpoints.TestProjectsRouter" name="test_get_project_stats" time="0.334" /><testcase classname="tests.test_router_endpoints.TestDashboardRouter" name="test_dashboard_stats_requires_auth" time="0.113" /><testcase classname="tests.test_router_endpoints.TestDashboardRouter" name="test_dashboard_stats_returns_data" time="0.067" /><testcase classname="tests.test_router_endpoints.TestDashboardRouter" name="test_dashboard_quick_stats_returns_data" time="0.070" /><testcase classname="tests.test_router_endpoints.TestDashboardRouter" name="test_dashboard_recent_activity_returns_activities" time="0.061" /><testcase classname="tests.test_router_endpoints.TestOrganizationsRouter" name="test_organizations_requires_auth" time="0.122" /><testcase classname="tests.test_router_endpoints.TestOrganizationsRouter" name="test_get_organizations_returns_list" time="0.063" /><testcase classname="tests.test_router_endpoints.TestOrganizationsRouter" name="test_create_organization" time="0.064" /><testcase classname="tests.test_router_endpoints.TestOrganizationsRouter" name="test_get_organization_by_id" time="0.176" /><testcase classname="tests.test_router_endpoints.TestOrganizationsRouter" name="test_update_organization" time="0.173" /><testcase classname="tests.test_router_endpoints.TestOnboardingRouter" name="test_onboarding_tips_dashboard" time="0.060" /><testcase classname="tests.test_router_endpoints.TestOnboardingRouter" name="test_onboarding_tips_analysis" time="0.069" /><testcase classname="tests.test_router_endpoints.TestOnboardingRouter" name="test_onboarding_tips_article_optimizer" time="0.062" /><testcase classname="tests.test_router_endpoints.TestOnboardingRouter" name="test_onboarding_tips_competitors" time="0.063" /><testcase classname="tests.test_router_endpoints.TestOnboardingRouter" name="test_onboarding_tips_unknown_feature" time="0.076" /><testcase classname="tests.test_router_endpoints.TestOnboardingRouter" name="test_onboarding_status_requires_auth" time="0.149" /><testcase classname="tests.test_router_endpoints.TestOnboardingRouter" name="test_onboarding_status_returns_data" time="0.066"><failure message="assert 500 == 200&#10; +  where 500 = &lt;Response [500]&gt;.status_code">tests/test_router_endpoints.py:411: in test_onboarding_status_returns_data
    assert response.status_code == 200
E   assert 500 == 200
E    +  where 500 = &lt;Response [500]&gt;.status_code</failure></testcase><testcase classname="tests.test_router_endpoints.TestCleanup" name="test_cleanup_test_data" time="0.412" /></testsuite></testsuites>