<?xml version="1.0" encoding="utf-8"?><testsuites name="pytest tests"><testsuite name="pytest" errors="0" failures="0" skipped="0" tests="18" time="9.433" timestamp="2026-02-26T14:27:58.423954+00:00" hostname="agent-env-9b23e4ec-421b-4c16-a27e-30a886816ae0"><testcase classname="backend.tests.test_notifications.TestGetNotifications" name="test_get_notifications_requires_auth" time="0.221" /><testcase classname="backend.tests.test_notifications.TestGetNotifications" name="test_get_notifications_returns_list" time="1.130" /><testcase classname="backend.tests.test_notifications.TestGetNotifications" name="test_get_notifications_returns_unread_count" time="0.704" /><testcase classname="backend.tests.test_notifications.TestGetNotifications" name="test_get_notifications_with_limit" time="0.692" /><testcase classname="backend.tests.test_notifications.TestGetNotifications" name="test_notification_structure" time="0.704" /><testcase classname="backend.tests.test_notifications.TestMarkNotificationRead" name="test_mark_notification_read_requires_auth" time="0.135" /><testcase classname="backend.tests.test_notifications.TestMarkNotificationRead" name="test_mark_notification_read_success" time="0.781" /><testcase classname="backend.tests.test_notifications.TestMarkNotificationRead" name="test_mark_notification_read_verifies_status" time="0.978" /><testcase classname="backend.tests.test_notifications.TestMarkNotificationRead" name="test_mark_nonexistent_notification_returns_404" time="0.065" /><testcase classname="backend.tests.test_notifications.TestMarkAllNotificationsRead" name="test_mark_all_read_requires_auth" time="0.160" /><testcase classname="backend.tests.test_notifications.TestMarkAllNotificationsRead" name="test_mark_all_read_success" time="0.744" /><testcase classname="backend.tests.test_notifications.TestMarkAllNotificationsRead" name="test_mark_all_read_verifies_unread_count_zero" time="0.807" /><testcase classname="backend.tests.test_notifications.TestDeleteNotification" name="test_delete_notification_requires_auth" time="0.147" /><testcase classname="backend.tests.test_notifications.TestDeleteNotification" name="test_delete_notification_success" time="0.392" /><testcase classname="backend.tests.test_notifications.TestDeleteNotification" name="test_delete_notification_verifies_removal" time="0.518" /><testcase classname="backend.tests.test_notifications.TestDeleteNotification" name="test_delete_nonexistent_notification_returns_404" time="0.095" /><testcase classname="backend.tests.test_notifications.TestNotificationCreationOnScan" name="test_notification_types_are_valid" time="0.754" /><testcase classname="backend.tests.test_notifications.TestCleanup" name="test_cleanup_notification_test_data" time="0.336" /></testsuite></testsuites>