<?xml version="1.0" encoding="utf-8"?><testsuites name="pytest tests"><testsuite name="pytest" errors="0" failures="0" skipped="0" tests="14" time="1.840" timestamp="2026-02-24T14:07:05.819577+00:00" hostname="agent-env-fae702c3-a679-4a4a-b400-201b7139e936"><testcase classname="tests.test_api.TestHealthEndpoint" name="test_health_returns_healthy_status" time="0.158" /><testcase classname="tests.test_api.TestHealthEndpoint" name="test_health_response_format" time="0.078" /><testcase classname="tests.test_api.TestSubscriptionPlans" name="test_get_subscription_plans" time="0.079" /><testcase classname="tests.test_api.TestSubscriptionPlans" name="test_starter_plan_details" time="0.063" /><testcase classname="tests.test_api.TestSubscriptionPlans" name="test_pro_plan_has_multi_ia" time="0.064" /><testcase classname="tests.test_api.TestAuthEndpoints" name="test_auth_me_requires_authentication" time="0.061" /><testcase classname="tests.test_api.TestAuthEndpoints" name="test_auth_me_with_valid_token" time="0.415" /><testcase classname="tests.test_api.TestAuthEndpoints" name="test_auth_providers_endpoint" time="0.106" /><testcase classname="tests.test_api.TestProjectsEndpoints" name="test_create_project" time="0.072" /><testcase classname="tests.test_api.TestProjectsEndpoints" name="test_get_projects" time="0.065" /><testcase classname="tests.test_api.TestProjectsEndpoints" name="test_projects_require_auth" time="0.122" /><testcase classname="tests.test_api.TestAnalysisEndpoints" name="test_get_analyses_requires_project" time="0.086" /><testcase classname="tests.test_api.TestAnalysisEndpoints" name="test_get_analyses_with_auth" time="0.087" /><testcase classname="tests.test_api.TestCleanup" name="test_cleanup_test_data" time="0.317" /></testsuite></testsuites>