<?xml version="1.0" encoding="utf-8"?><testsuites name="pytest tests"><testsuite name="pytest" errors="0" failures="0" skipped="0" tests="76" time="3.580" timestamp="2026-03-12T23:40:30.200114+00:00" hostname="agent-env-5152facf-216d-4712-95ce-3122fca70b44"><testcase classname="tests.test_new_services.TestServiceImports" name="test_llm_connector_import" time="1.487" /><testcase classname="tests.test_new_services.TestServiceImports" name="test_geo_scoring_engine_import" time="0.000" /><testcase classname="tests.test_new_services.TestServiceImports" name="test_competitive_intelligence_engine_import" time="0.000" /><testcase classname="tests.test_new_services.TestCeleryTaskImports" name="test_query_single_llm_import" time="0.262" /><testcase classname="tests.test_new_services.TestCeleryTaskImports" name="test_run_full_analysis_import" time="0.000" /><testcase classname="tests.test_new_services.TestCeleryTaskImports" name="test_check_scheduled_scans_task_import" time="0.000" /><testcase classname="tests.test_new_services.TestLLMConnectorMethods" name="test_llm_config_contains_required_providers" time="0.000" /><testcase classname="tests.test_new_services.TestLLMConnectorMethods" name="test_llm_config_has_correct_structure" time="0.000" /><testcase classname="tests.test_new_services.TestLLMConnectorMethods" name="test_llm_connector_initialization" time="0.000" /><testcase classname="tests.test_new_services.TestLLMConnectorMethods" name="test_llm_connector_custom_initialization" time="0.000" /><testcase classname="tests.test_new_services.TestLLMConnectorMethods" name="test_analyze_response_method_exists" time="0.000" /><testcase classname="tests.test_new_services.TestLLMConnectorMethods" name="test_analyze_role_method_exists" time="0.000" /><testcase classname="tests.test_new_services.TestGEOScoringEngineMethods" name="test_calculate_stability_index_empty_input" time="0.000" /><testcase classname="tests.test_new_services.TestGEOScoringEngineMethods" name="test_calculate_stability_index_single_result" time="0.000" /><testcase classname="tests.test_new_services.TestGEOScoringEngineMethods" name="test_calculate_stability_index_multiple_results" time="0.000" /><testcase classname="tests.test_new_services.TestGEOScoringEngineMethods" name="test_calculate_advanced_indices_empty_input" time="0.000" /><testcase classname="tests.test_new_services.TestGEOScoringEngineMethods" name="test_calculate_rate_score_empty_input" time="0.000" /><testcase classname="tests.test_new_services.TestGEOScoringEngineMethods" name="test_calculate_rate_score_with_responses" time="0.000" /><testcase classname="tests.test_new_services.TestGEOScoringEngineMethods" name="test_calculate_ai_scores" time="0.000" /><testcase classname="tests.test_new_services.TestGEOScoringEngineMethods" name="test_generate_recommendations" time="0.000" /><testcase classname="tests.test_new_services.TestCompetitiveIntelligenceEngineMethods" name="test_identify_competitors_empty_input" time="0.000" /><testcase classname="tests.test_new_services.TestCompetitiveIntelligenceEngineMethods" name="test_identify_competitors_with_known_brands" time="0.000" /><testcase classname="tests.test_new_services.TestCompetitiveIntelligenceEngineMethods" name="test_identify_competitors_excludes_own_brand" time="0.000" /><testcase classname="tests.test_new_services.TestCompetitiveIntelligenceEngineMethods" name="test_identify_competitors_tracks_user_defined" time="0.000" /><testcase classname="tests.test_new_services.TestCompetitiveIntelligenceEngineMethods" name="test_extract_potential_brands_method" time="0.000" /><testcase classname="tests.test_new_services.TestCompetitiveIntelligenceEngineMethods" name="test_calculate_competitive_gap" time="0.000" /><testcase classname="tests.test_new_services.TestCompetitiveIntelligenceEngineMethods" name="test_generate_competitive_recommendations" time="0.000" /><testcase classname="tests.test_new_services.TestDBModuleImports" name="test_db_init_imports" time="0.000" /><testcase classname="tests.test_new_services.TestDBModuleImports" name="test_use_postgres_is_boolean" time="0.000" /><testcase classname="tests.test_new_services.TestHealthEndpoint" name="test_health_endpoint_returns_200" time="0.147" /><testcase classname="tests.test_new_services.TestHealthEndpoint" name="test_health_endpoint_returns_healthy_status" time="0.109" /><testcase classname="tests.test_new_services.TestHealthEndpoint" name="test_health_endpoint_returns_timestamp" time="0.128" /><testcase classname="tests.test_new_services.TestAuthEndpoints" name="test_auth_me_returns_401_without_session" time="0.138" /><testcase classname="tests.test_new_services.TestAuthEndpoints" name="test_auth_me_error_message_is_french" time="0.100" /><testcase classname="tests.test_new_services.TestAnalysisQuotaEndpoint" name="test_analysis_quota_returns_401_without_auth" time="0.121" /><testcase classname="tests.test_new_services.TestSubscriptionPlansEndpoint" name="test_subscription_plans_returns_200" time="0.126" /><testcase classname="tests.test_new_services.TestSubscriptionPlansEndpoint" name="test_subscription_plans_contains_all_plans" time="0.109" /><testcase classname="tests.test_new_services.TestSubscriptionPlansEndpoint" name="test_subscription_plan_structure" time="0.115" /><testcase classname="tests.test_postgresql_migration.TestPostgreSQLConnection" name="test_use_postgres_env_is_true" time="0.000" /><testcase classname="tests.test_postgresql_migration.TestPostgreSQLConnection" name="test_database_url_is_postgresql" time="0.000" /><testcase classname="tests.test_postgresql_migration.TestPostgreSQLConnection" name="test_async_session_maker_exists" time="0.000" /><testcase classname="tests.test_postgresql_migration.TestPostgreSQLConnection" name="test_engine_is_configured" time="0.000" /><testcase classname="tests.test_postgresql_migration.TestPostgreSQLConnection" name="test_database_connection_works" time="0.027" /><testcase classname="tests.test_postgresql_migration.TestPostgreSQLConnection" name="test_postgresql_version" time="0.024" /><testcase classname="tests.test_postgresql_migration.TestPostgreSQLConnection" name="test_expected_tables_exist" time="0.027" /><testcase classname="tests.test_postgresql_migration.TestAnalysisPipelineServiceImport" name="test_analysis_pipeline_service_import" time="0.000" /><testcase classname="tests.test_postgresql_migration.TestAnalysisPipelineServiceImport" name="test_analysis_pipeline_has_required_components" time="0.000" /><testcase classname="tests.test_postgresql_migration.TestAnalysisPipelineServiceImport" name="test_analysis_pipeline_has_run_full_analysis_method" time="0.000" /><testcase classname="tests.test_postgresql_migration.TestAnalysisPipelineServiceImport" name="test_query_type_distribution_defined" time="0.000" /><testcase classname="tests.test_postgresql_migration.TestAnalysisPipelineServiceMethods" name="test_generate_brand_variants" time="0.000" /><testcase classname="tests.test_postgresql_migration.TestAnalysisPipelineServiceMethods" name="test_generate_brand_variants_with_spaces" time="0.000" /><testcase classname="tests.test_postgresql_migration.TestAnalysisPipelineServiceMethods" name="test_detect_brand_mentions_advanced_empty" time="0.000" /><testcase classname="tests.test_postgresql_migration.TestAnalysisPipelineServiceMethods" name="test_detect_brand_mentions_advanced_exact_match" time="0.000" /><testcase classname="tests.test_postgresql_migration.TestAnalysisPipelineServiceMethods" name="test_generate_queries_multi_dimension" time="0.000" /><testcase classname="tests.test_postgresql_migration.TestAnalysisPipelineServiceMethods" name="test_generate_queries_has_all_types" time="0.000" /><testcase classname="tests.test_postgresql_migration.TestAnalysisPipelineServiceMethods" name="test_analyze_query_types" time="0.000" /><testcase classname="tests.test_postgresql_migration.TestAnalysisPipelineServiceMethods" name="test_build_competitor_comparison" time="0.000" /><testcase classname="tests.test_postgresql_migration.TestCeleryTasksWithAnalysisPipeline" name="test_run_full_analysis_task_imports_pipeline" time="0.000" /><testcase classname="tests.test_postgresql_migration.TestCeleryTasksWithAnalysisPipeline" name="test_task_uses_correct_service_instances" time="0.000" /><testcase classname="tests.test_postgresql_migration.TestCeleryTasksWithAnalysisPipeline" name="test_query_single_llm_task_exists" time="0.000" /><testcase classname="tests.test_postgresql_migration.TestCeleryTasksWithAnalysisPipeline" name="test_query_all_llms_task_exists" time="0.001" /><testcase classname="tests.test_postgresql_migration.TestDBServicesImport" name="test_user_service_import" time="0.000" /><testcase classname="tests.test_postgresql_migration.TestDBServicesImport" name="test_project_service_import" time="0.000" /><testcase classname="tests.test_postgresql_migration.TestDBServicesImport" name="test_analysis_service_import" time="0.000" /><testcase classname="tests.test_postgresql_migration.TestDBServicesImport" name="test_subscription_service_import" time="0.000" /><testcase classname="tests.test_postgresql_migration.TestDBServicesImport" name="test_notification_service_import" time="0.000" /><testcase classname="tests.test_postgresql_migration.TestDBServicesImport" name="test_schedule_service_import" time="0.000" /><testcase classname="tests.test_postgresql_migration.TestAPIEndpointsWithPostgreSQL" name="test_health_endpoint_is_healthy" time="0.121" /><testcase classname="tests.test_postgresql_migration.TestAPIEndpointsWithPostgreSQL" name="test_subscription_plans_endpoint_works" time="0.118" /><testcase classname="tests.test_postgresql_migration.TestAPIEndpointsWithPostgreSQL" name="test_auth_me_requires_authentication" time="0.114" /><testcase classname="tests.test_postgresql_migration.TestAPIEndpointsWithPostgreSQL" name="test_analysis_quota_requires_authentication" time="0.117" /><testcase classname="tests.test_postgresql_migration.TestAPIEndpointsWithPostgreSQL" name="test_projects_endpoint_requires_auth" time="0.109" /><testcase classname="tests.test_postgresql_migration.TestGEOScoringWithPipeline" name="test_scoring_engine_in_pipeline" time="0.000" /><testcase classname="tests.test_postgresql_migration.TestGEOScoringWithPipeline" name="test_calculate_stability_with_pipeline_responses" time="0.000" /><testcase classname="tests.test_postgresql_migration.TestCompetitiveIntelligenceWithPipeline" name="test_competitive_intel_in_pipeline" time="0.000" /><testcase classname="tests.test_postgresql_migration.TestCompetitiveIntelligenceWithPipeline" name="test_identify_competitors_integration" time="0.000" /></testsuite></testsuites>