<?xml version="1.0" encoding="utf-8"?><testsuites name="pytest tests"><testsuite name="pytest" errors="0" failures="0" skipped="0" tests="38" time="2.770" timestamp="2026-03-12T23:29:25.232204+00:00" hostname="agent-env-5152facf-216d-4712-95ce-3122fca70b44"><testcase classname="tests.test_new_services.TestServiceImports" name="test_llm_connector_import" time="1.456" /><testcase classname="tests.test_new_services.TestServiceImports" name="test_geo_scoring_engine_import" time="0.000" /><testcase classname="tests.test_new_services.TestServiceImports" name="test_competitive_intelligence_engine_import" time="0.000" /><testcase classname="tests.test_new_services.TestCeleryTaskImports" name="test_query_single_llm_import" time="0.220" /><testcase classname="tests.test_new_services.TestCeleryTaskImports" name="test_run_full_analysis_import" time="0.000" /><testcase classname="tests.test_new_services.TestCeleryTaskImports" name="test_check_scheduled_scans_task_import" time="0.000" /><testcase classname="tests.test_new_services.TestLLMConnectorMethods" name="test_llm_config_contains_required_providers" time="0.000" /><testcase classname="tests.test_new_services.TestLLMConnectorMethods" name="test_llm_config_has_correct_structure" time="0.000" /><testcase classname="tests.test_new_services.TestLLMConnectorMethods" name="test_llm_connector_initialization" time="0.000" /><testcase classname="tests.test_new_services.TestLLMConnectorMethods" name="test_llm_connector_custom_initialization" time="0.000" /><testcase classname="tests.test_new_services.TestLLMConnectorMethods" name="test_analyze_response_method_exists" time="0.000" /><testcase classname="tests.test_new_services.TestLLMConnectorMethods" name="test_analyze_role_method_exists" time="0.000" /><testcase classname="tests.test_new_services.TestGEOScoringEngineMethods" name="test_calculate_stability_index_empty_input" time="0.000" /><testcase classname="tests.test_new_services.TestGEOScoringEngineMethods" name="test_calculate_stability_index_single_result" time="0.000" /><testcase classname="tests.test_new_services.TestGEOScoringEngineMethods" name="test_calculate_stability_index_multiple_results" time="0.000" /><testcase classname="tests.test_new_services.TestGEOScoringEngineMethods" name="test_calculate_advanced_indices_empty_input" time="0.000" /><testcase classname="tests.test_new_services.TestGEOScoringEngineMethods" name="test_calculate_rate_score_empty_input" time="0.000" /><testcase classname="tests.test_new_services.TestGEOScoringEngineMethods" name="test_calculate_rate_score_with_responses" time="0.000" /><testcase classname="tests.test_new_services.TestGEOScoringEngineMethods" name="test_calculate_ai_scores" time="0.000" /><testcase classname="tests.test_new_services.TestGEOScoringEngineMethods" name="test_generate_recommendations" time="0.000" /><testcase classname="tests.test_new_services.TestCompetitiveIntelligenceEngineMethods" name="test_identify_competitors_empty_input" time="0.000" /><testcase classname="tests.test_new_services.TestCompetitiveIntelligenceEngineMethods" name="test_identify_competitors_with_known_brands" time="0.000" /><testcase classname="tests.test_new_services.TestCompetitiveIntelligenceEngineMethods" name="test_identify_competitors_excludes_own_brand" time="0.000" /><testcase classname="tests.test_new_services.TestCompetitiveIntelligenceEngineMethods" name="test_identify_competitors_tracks_user_defined" time="0.000" /><testcase classname="tests.test_new_services.TestCompetitiveIntelligenceEngineMethods" name="test_extract_potential_brands_method" time="0.000" /><testcase classname="tests.test_new_services.TestCompetitiveIntelligenceEngineMethods" name="test_calculate_competitive_gap" time="0.000" /><testcase classname="tests.test_new_services.TestCompetitiveIntelligenceEngineMethods" name="test_generate_competitive_recommendations" time="0.000" /><testcase classname="tests.test_new_services.TestDBModuleImports" name="test_db_init_imports" time="0.000" /><testcase classname="tests.test_new_services.TestDBModuleImports" name="test_use_postgres_is_boolean" time="0.000" /><testcase classname="tests.test_new_services.TestHealthEndpoint" name="test_health_endpoint_returns_200" time="0.147" /><testcase classname="tests.test_new_services.TestHealthEndpoint" name="test_health_endpoint_returns_healthy_status" time="0.108" /><testcase classname="tests.test_new_services.TestHealthEndpoint" name="test_health_endpoint_returns_timestamp" time="0.155" /><testcase classname="tests.test_new_services.TestAuthEndpoints" name="test_auth_me_returns_401_without_session" time="0.103" /><testcase classname="tests.test_new_services.TestAuthEndpoints" name="test_auth_me_error_message_is_french" time="0.099" /><testcase classname="tests.test_new_services.TestAnalysisQuotaEndpoint" name="test_analysis_quota_returns_401_without_auth" time="0.097" /><testcase classname="tests.test_new_services.TestSubscriptionPlansEndpoint" name="test_subscription_plans_returns_200" time="0.115" /><testcase classname="tests.test_new_services.TestSubscriptionPlansEndpoint" name="test_subscription_plans_contains_all_plans" time="0.118" /><testcase classname="tests.test_new_services.TestSubscriptionPlansEndpoint" name="test_subscription_plan_structure" time="0.120" /></testsuite></testsuites>