<?xml version="1.0" encoding="utf-8"?><testsuites name="pytest tests"><testsuite name="pytest" errors="0" failures="0" skipped="0" tests="7" time="1.432" timestamp="2026-02-21T16:02:26.268860+00:00" hostname="agent-env-b46690b2-4c6c-46bc-ad94-1f245a1214c2"><testcase classname="backend.tests.test_pdf_endpoint.TestPDFEndpoint" name="test_pdf_endpoint_returns_pdf_for_completed_analysis" time="0.447" /><testcase classname="backend.tests.test_pdf_endpoint.TestPDFEndpoint" name="test_pdf_endpoint_returns_404_for_nonexistent_analysis" time="0.117" /><testcase classname="backend.tests.test_pdf_endpoint.TestPDFEndpoint" name="test_pdf_endpoint_requires_authentication" time="0.118" /><testcase classname="backend.tests.test_pdf_endpoint.TestPDFEndpoint" name="test_pdf_endpoint_returns_400_for_pending_analysis" time="0.112" /><testcase classname="backend.tests.test_pdf_endpoint.TestPDFEndpoint" name="test_pdf_content_structure" time="0.238" /><testcase classname="backend.tests.test_pdf_endpoint.TestAnalysisEndpoint" name="test_analysis_endpoint_returns_complete_data" time="0.185" /><testcase classname="backend.tests.test_pdf_endpoint.TestHealthEndpoints" name="test_api_health" time="0.112" /></testsuite></testsuites>