<?xml version="1.0" encoding="utf-8"?><testsuites name="pytest tests"><testsuite name="pytest" errors="0" failures="0" skipped="0" tests="45" time="1.506" timestamp="2026-04-05T00:27:07.167834+00:00" hostname="agent-env-7b0009d5-5622-4a9f-9f0d-6e2bb5b217dc"><testcase classname="tests.test_sprint_c_brand_detection.TestGenerateBrandVariants" name="test_exact_match_variant" time="0.000" /><testcase classname="tests.test_sprint_c_brand_detection.TestGenerateBrandVariants" name="test_lowercase_variant" time="0.000" /><testcase classname="tests.test_sprint_c_brand_detection.TestGenerateBrandVariants" name="test_uppercase_variant" time="0.000" /><testcase classname="tests.test_sprint_c_brand_detection.TestGenerateBrandVariants" name="test_titlecase_variant" time="0.000" /><testcase classname="tests.test_sprint_c_brand_detection.TestGenerateBrandVariants" name="test_no_space_variant_for_multiword_brand" time="0.000" /><testcase classname="tests.test_sprint_c_brand_detection.TestGenerateBrandVariants" name="test_camelcase_variant_for_multiword_brand" time="0.000" /><testcase classname="tests.test_sprint_c_brand_detection.TestGenerateBrandVariants" name="test_acronym_for_multiword_brand" time="0.000" /><testcase classname="tests.test_sprint_c_brand_detection.TestGenerateBrandVariants" name="test_acronym_for_two_word_brand" time="0.000" /><testcase classname="tests.test_sprint_c_brand_detection.TestGenerateBrandVariants" name="test_no_acronym_for_single_word_brand" time="0.000" /><testcase classname="tests.test_sprint_c_brand_detection.TestGenerateBrandVariants" name="test_typo_double_letter_variant" time="0.000" /><testcase classname="tests.test_sprint_c_brand_detection.TestGenerateBrandVariants" name="test_typo_double_letter_for_mississippi" time="0.000" /><testcase classname="tests.test_sprint_c_brand_detection.TestGenerateBrandVariants" name="test_no_suffix_removal_for_dotcom" time="0.000" /><testcase classname="tests.test_sprint_c_brand_detection.TestGenerateBrandVariants" name="test_no_suffix_removal_for_dotfr" time="0.000" /><testcase classname="tests.test_sprint_c_brand_detection.TestGenerateBrandVariants" name="test_phonetic_variant_ph_to_f" time="0.000" /><testcase classname="tests.test_sprint_c_brand_detection.TestGenerateBrandVariants" name="test_phonetic_variant_f_to_ph" time="0.000" /><testcase classname="tests.test_sprint_c_brand_detection.TestGenerateBrandVariants" name="test_phonetic_variant_c_to_k" time="0.000" /><testcase classname="tests.test_sprint_c_brand_detection.TestDetectBrandAdvanced" name="test_exact_match_detection" time="0.000" /><testcase classname="tests.test_sprint_c_brand_detection.TestDetectBrandAdvanced" name="test_lowercase_detection" time="0.000" /><testcase classname="tests.test_sprint_c_brand_detection.TestDetectBrandAdvanced" name="test_uppercase_detection" time="0.000" /><testcase classname="tests.test_sprint_c_brand_detection.TestDetectBrandAdvanced" name="test_no_space_detection" time="0.000" /><testcase classname="tests.test_sprint_c_brand_detection.TestDetectBrandAdvanced" name="test_acronym_detection" time="0.000" /><testcase classname="tests.test_sprint_c_brand_detection.TestDetectBrandAdvanced" name="test_typo_detection_double_letter" time="0.000" /><testcase classname="tests.test_sprint_c_brand_detection.TestDetectBrandAdvanced" name="test_phonetic_detection" time="0.000" /><testcase classname="tests.test_sprint_c_brand_detection.TestDetectBrandAdvanced" name="test_no_brand_mentioned" time="0.000" /><testcase classname="tests.test_sprint_c_brand_detection.TestDetectBrandAdvanced" name="test_empty_brand_name" time="0.000" /><testcase classname="tests.test_sprint_c_brand_detection.TestDetectBrandAdvanced" name="test_multiple_mentions" time="0.000" /><testcase classname="tests.test_sprint_c_brand_detection.TestDetectBrandAdvanced" name="test_first_position_tracking" time="0.000" /><testcase classname="tests.test_sprint_c_brand_detection.TestDetectBrandAdvanced" name="test_variants_found_structure" time="0.000" /><testcase classname="tests.test_sprint_c_brand_detection.TestAnalyzeResponseIntegration" name="test_analyze_response_includes_detection_method" time="0.000" /><testcase classname="tests.test_sprint_c_brand_detection.TestAnalyzeResponseIntegration" name="test_analyze_response_with_acronym" time="0.000" /><testcase classname="tests.test_sprint_c_brand_detection.TestAnalyzeResponseIntegration" name="test_analyze_response_with_typo" time="0.000" /><testcase classname="tests.test_sprint_c_brand_detection.TestAnalyzeResponseIntegration" name="test_analyze_response_no_brand" time="0.000" /><testcase classname="tests.test_sprint_c_brand_detection.TestBackendStability" name="test_connector_initialization" time="0.000" /><testcase classname="tests.test_sprint_c_brand_detection.TestBackendStability" name="test_analyze_response_returns_all_fields" time="0.000" /><testcase classname="tests.test_sprint_c_brand_detection.TestBackendStability" name="test_role_analysis_still_works" time="0.000" /><testcase classname="tests.test_sprint_c_brand_detection.TestBackendStability" name="test_credibility_analysis_still_works" time="0.000" /><testcase classname="tests.test_sprint_c_brand_detection.TestBackendStability" name="test_conversion_analysis_still_works" time="0.000" /><testcase classname="tests.test_sprint_c_brand_detection.TestBackendStability" name="test_competitor_analysis_still_works" time="0.000" /><testcase classname="tests.test_sprint_c_brand_detection.TestEdgeCases" name="test_brand_with_special_characters" time="0.000" /><testcase classname="tests.test_sprint_c_brand_detection.TestEdgeCases" name="test_very_short_brand_name" time="0.000" /><testcase classname="tests.test_sprint_c_brand_detection.TestEdgeCases" name="test_brand_as_part_of_word" time="0.000" /><testcase classname="tests.test_sprint_c_brand_detection.TestEdgeCases" name="test_unicode_brand_name" time="0.000" /><testcase classname="tests.test_sprint_c_brand_detection.TestEdgeCases" name="test_numeric_brand_name" time="0.000" /><testcase classname="tests.test_sprint_c_brand_detection.TestEdgeCases" name="test_empty_response" time="0.000" /><testcase classname="tests.test_sprint_c_brand_detection.TestEdgeCases" name="test_none_brand_name" time="0.000" /></testsuite></testsuites>