<?xml version="1.0" encoding="utf-8"?><testsuites name="pytest tests"><testsuite name="pytest" errors="0" failures="0" skipped="0" tests="34" time="3.088" timestamp="2026-04-05T00:22:35.384932+00:00" hostname="agent-env-7b0009d5-5622-4a9f-9f0d-6e2bb5b217dc"><testcase classname="tests.test_sprint_b_routers.TestBackendHealthAfterRefactoring" name="test_health_endpoint_returns_200" time="0.137" /><testcase classname="tests.test_sprint_b_routers.TestBackendHealthAfterRefactoring" name="test_health_contains_timestamp" time="0.102" /><testcase classname="tests.test_sprint_b_routers.TestVisibilityRouter" name="test_visibility_endpoint_exists" time="0.144" /><testcase classname="tests.test_sprint_b_routers.TestVisibilityRouter" name="test_visibility_endpoint_requires_auth" time="0.114" /><testcase classname="tests.test_sprint_b_routers.TestContentAuditRouter" name="test_content_audit_endpoint_exists" time="0.108" /><testcase classname="tests.test_sprint_b_routers.TestContentAuditRouter" name="test_content_audit_endpoint_requires_auth" time="0.106" /><testcase classname="tests.test_sprint_b_routers.TestContentRouter" name="test_content_generate_endpoint_exists" time="0.113" /><testcase classname="tests.test_sprint_b_routers.TestContentRouter" name="test_content_reformulate_endpoint_exists" time="0.096" /><testcase classname="tests.test_sprint_b_routers.TestContactRouter" name="test_contact_endpoint_exists" time="0.104" /><testcase classname="tests.test_sprint_b_routers.TestContactRouter" name="test_contact_returns_success_message" time="0.119" /><testcase classname="tests.test_sprint_b_routers.TestContactRouter" name="test_contact_validates_email" time="0.106" /><testcase classname="tests.test_sprint_b_routers.TestCalculateRealGeoScore" name="test_function_exists" time="1.777" /><testcase classname="tests.test_sprint_b_routers.TestCalculateRealGeoScore" name="test_empty_content_returns_low_score" time="0.000" /><testcase classname="tests.test_sprint_b_routers.TestCalculateRealGeoScore" name="test_well_structured_content_returns_high_score" time="0.000" /><testcase classname="tests.test_sprint_b_routers.TestCalculateRealGeoScore" name="test_score_not_fake_formula" time="0.000" /><testcase classname="tests.test_sprint_b_routers.TestCalculateRealGeoScore" name="test_structure_scoring" time="0.000" /><testcase classname="tests.test_sprint_b_routers.TestCalculateRealGeoScore" name="test_lists_scoring" time="0.000" /><testcase classname="tests.test_sprint_b_routers.TestCalculateRealGeoScore" name="test_data_statistics_scoring" time="0.000" /><testcase classname="tests.test_sprint_b_routers.TestCalculateRealGeoScore" name="test_keywords_scoring" time="0.000" /><testcase classname="tests.test_sprint_b_routers.TestCalculateRealGeoScore" name="test_brand_mentions_scoring" time="0.001" /><testcase classname="tests.test_sprint_b_routers.TestCalculateRealGeoScore" name="test_faq_presence_scoring" time="0.000" /><testcase classname="tests.test_sprint_b_routers.TestCalculateRealGeoScore" name="test_score_bounds" time="0.000" /><testcase classname="tests.test_sprint_b_routers.TestRouterPriority" name="test_visibility_router_has_priority" time="0.001" /><testcase classname="tests.test_sprint_b_routers.TestRouterPriority" name="test_content_audit_router_has_priority" time="0.000" /><testcase classname="tests.test_sprint_b_routers.TestRouterPriority" name="test_content_router_has_priority" time="0.000" /><testcase classname="tests.test_sprint_b_routers.TestRouterPriority" name="test_contact_router_has_priority" time="0.000" /><testcase classname="tests.test_sprint_b_routers.TestRouterFileStructure" name="test_visibility_router_file_exists" time="0.000" /><testcase classname="tests.test_sprint_b_routers.TestRouterFileStructure" name="test_content_audit_router_file_exists" time="0.000" /><testcase classname="tests.test_sprint_b_routers.TestRouterFileStructure" name="test_content_router_file_exists" time="0.000" /><testcase classname="tests.test_sprint_b_routers.TestRouterFileStructure" name="test_contact_router_file_exists" time="0.000" /><testcase classname="tests.test_sprint_b_routers.TestRouterFileStructure" name="test_visibility_router_has_correct_prefix" time="0.000" /><testcase classname="tests.test_sprint_b_routers.TestRouterFileStructure" name="test_content_audit_router_has_correct_prefix" time="0.000" /><testcase classname="tests.test_sprint_b_routers.TestRouterFileStructure" name="test_content_router_has_correct_prefix" time="0.000" /><testcase classname="tests.test_sprint_b_routers.TestRouterFileStructure" name="test_contact_router_has_correct_prefix" time="0.000" /></testsuite></testsuites>