<?xml version="1.0" encoding="utf-8"?><testsuites name="pytest tests"><testsuite name="pytest" errors="0" failures="0" skipped="0" tests="44" time="5.599" timestamp="2026-04-05T00:11:34.820788+00:00" hostname="agent-env-7b0009d5-5622-4a9f-9f0d-6e2bb5b217dc"><testcase classname="tests.test_sprint_a_corrections.TestHealthCheck" name="test_health_returns_200" time="0.124" /><testcase classname="tests.test_sprint_a_corrections.TestHealthCheck" name="test_health_contains_status" time="0.116" /><testcase classname="tests.test_sprint_a_corrections.TestHealthCheck" name="test_health_contains_timestamp" time="0.098" /><testcase classname="tests.test_sprint_a_corrections.TestCORSConfiguration" name="test_cors_headers_present" time="0.109" /><testcase classname="tests.test_sprint_a_corrections.TestCORSConfiguration" name="test_cors_allows_configured_origin" time="0.102" /><testcase classname="tests.test_sprint_a_corrections.TestRateLimiting" name="test_rate_limit_headers_present" time="0.131" /><testcase classname="tests.test_sprint_a_corrections.TestRateLimiting" name="test_multiple_requests_succeed" time="1.086" /><testcase classname="tests.test_sprint_a_corrections.TestPerplexityAPIConfiguration" name="test_llm_connector_has_perplexity_config" time="0.000" /><testcase classname="tests.test_sprint_a_corrections.TestPerplexityAPIConfiguration" name="test_perplexity_uses_real_api" time="0.000" /><testcase classname="tests.test_sprint_a_corrections.TestPerplexityAPIConfiguration" name="test_perplexity_api_key_configured" time="0.000" /><testcase classname="tests.test_sprint_a_corrections.TestContentAuditNoMockData" name="test_content_audit_page_no_mock_data" time="0.001" /><testcase classname="tests.test_sprint_a_corrections.TestContentAuditNoMockData" name="test_content_audit_uses_api" time="0.000" /><testcase classname="tests.test_sprint_a_corrections.TestContentAuditNoMockData" name="test_content_audit_handles_empty_state" time="0.000" /><testcase classname="tests.test_sprint_a_corrections.TestArticleOptimizerNoMockData" name="test_article_optimizer_page_no_mock_data" time="0.001" /><testcase classname="tests.test_sprint_a_corrections.TestArticleOptimizerNoMockData" name="test_article_optimizer_uses_api" time="0.000" /><testcase classname="tests.test_sprint_a_corrections.TestArticleOptimizerNoMockData" name="test_article_optimizer_handles_empty_state" time="0.000" /><testcase classname="tests.test_sprint_a_corrections.TestServerConfiguration" name="test_slowapi_imported" time="0.001" /><testcase classname="tests.test_sprint_a_corrections.TestServerConfiguration" name="test_rate_limiter_configured" time="0.001" /><testcase classname="tests.test_sprint_a_corrections.TestServerConfiguration" name="test_cors_configured_with_origins" time="0.001" /><testcase classname="tests.test_sprint_a_corrections.TestServerConfiguration" name="test_cors_origins_in_env" time="0.000" /><testcase classname="tests.test_sprint_a_corrections.TestAnalysisStatusEnum" name="test_analysis_uses_enum_status" time="0.001" /><testcase classname="tests.test_sprint_a_corrections.TestAnalysisStatusEnum" name="test_analysis_runner_handles_enum" time="0.000" /><testcase classname="tests.test_critical_fixes.TestHealthEndpoint" name="test_health_returns_200" time="0.108" /><testcase classname="tests.test_critical_fixes.TestHealthEndpoint" name="test_health_contains_timestamp" time="0.120" /><testcase classname="tests.test_critical_fixes.TestOrganizationsEndpoint" name="test_organizations_no_auth_returns_401" time="0.149" /><testcase classname="tests.test_critical_fixes.TestOrganizationsEndpoint" name="test_organizations_create_no_auth_returns_401" time="0.102" /><testcase classname="tests.test_critical_fixes.TestOrganizationsEndpoint" name="test_organizations_no_500_error" time="0.103" /><testcase classname="tests.test_critical_fixes.TestAnalysisEndpoint" name="test_analysis_detail_no_auth_returns_401" time="0.103" /><testcase classname="tests.test_critical_fixes.TestAnalysisEndpoint" name="test_analysis_status_no_auth_returns_401" time="0.094" /><testcase classname="tests.test_critical_fixes.TestAnalysisEndpoint" name="test_analysis_quota_no_auth_returns_401" time="0.103" /><testcase classname="tests.test_critical_fixes.TestAnalysisEndpoint" name="test_analysis_no_500_error" time="0.101" /><testcase classname="tests.test_critical_fixes.TestAnalysisRouterImports" name="test_analysis_router_imports" time="1.792" /><testcase classname="tests.test_critical_fixes.TestAnalysisRouterImports" name="test_analysis_router_has_get_endpoint" time="0.000" /><testcase classname="tests.test_critical_fixes.TestAnalysisRouterImports" name="test_analysis_router_endpoints_exist" time="0.000" /><testcase classname="tests.test_critical_fixes.TestOrganizationsRouterFix" name="test_organizations_router_imports" time="0.000" /><testcase classname="tests.test_critical_fixes.TestOrganizationsRouterFix" name="test_get_current_user_function" time="0.001" /><testcase classname="tests.test_critical_fixes.TestAnalysisModelFields" name="test_analysis_model_has_progress_fields" time="0.000" /><testcase classname="tests.test_critical_fixes.TestAnalysisModelFields" name="test_analysis_model_progress_field_types" time="0.000" /><testcase classname="tests.test_critical_fixes.TestAnalysisServiceResponse" name="test_analysis_service_to_dict_exists" time="0.000" /><testcase classname="tests.test_critical_fixes.TestAnalysisServiceResponse" name="test_analysis_service_has_required_methods" time="0.000" /><testcase classname="tests.test_critical_fixes.TestSubscriptionPlansConfig" name="test_subscription_plans_endpoint" time="0.124" /><testcase classname="tests.test_critical_fixes.TestSubscriptionPlansConfig" name="test_free_plan_in_config" time="0.000" /><testcase classname="tests.test_critical_fixes.TestDatabaseConnection" name="test_database_is_reachable" time="0.096" /><testcase classname="tests.test_critical_fixes.TestEndpointIntegration" name="test_all_protected_endpoints_return_401_not_500" time="0.767" /></testsuite></testsuites>