<?xml version="1.0" encoding="utf-8"?><testsuites name="pytest tests"><testsuite name="pytest" errors="0" failures="0" skipped="0" tests="72" time="8.747" timestamp="2026-04-05T22:09:00.875401+00:00" hostname="agent-env-7b0009d5-5622-4a9f-9f0d-6e2bb5b217dc"><testcase classname="backend.tests.test_sprint_d_monitoring.TestBackendStabilityAfterMonitoringRouter" name="test_health_endpoint_returns_200" time="0.156" /><testcase classname="backend.tests.test_sprint_d_monitoring.TestBackendStabilityAfterMonitoringRouter" name="test_health_contains_timestamp" time="0.114" /><testcase classname="backend.tests.test_sprint_d_monitoring.TestMonitoringAlertsEndpoint" name="test_alerts_endpoint_exists" time="0.102" /><testcase classname="backend.tests.test_sprint_d_monitoring.TestMonitoringAlertsEndpoint" name="test_alerts_endpoint_requires_auth" time="0.102" /><testcase classname="backend.tests.test_sprint_d_monitoring.TestMonitoringAlertsEndpoint" name="test_alerts_endpoint_with_query_params" time="0.112" /><testcase classname="backend.tests.test_sprint_d_monitoring.TestMonitoringMarkReadEndpoint" name="test_mark_read_endpoint_exists" time="0.107" /><testcase classname="backend.tests.test_sprint_d_monitoring.TestMonitoringMarkReadEndpoint" name="test_mark_read_endpoint_requires_auth" time="0.118" /><testcase classname="backend.tests.test_sprint_d_monitoring.TestMonitoringMarkReadEndpoint" name="test_mark_read_endpoint_accepts_null_body" time="0.104" /><testcase classname="backend.tests.test_sprint_d_monitoring.TestMonitoringConfigGetEndpoint" name="test_config_get_endpoint_exists" time="0.103" /><testcase classname="backend.tests.test_sprint_d_monitoring.TestMonitoringConfigGetEndpoint" name="test_config_get_endpoint_requires_auth" time="0.100" /><testcase classname="backend.tests.test_sprint_d_monitoring.TestMonitoringConfigUpdateEndpoint" name="test_config_update_endpoint_exists" time="0.103" /><testcase classname="backend.tests.test_sprint_d_monitoring.TestMonitoringConfigUpdateEndpoint" name="test_config_update_endpoint_requires_auth" time="0.124" /><testcase classname="backend.tests.test_sprint_d_monitoring.TestMonitoringTestAlertEndpoint" name="test_test_alert_endpoint_exists" time="0.108" /><testcase classname="backend.tests.test_sprint_d_monitoring.TestMonitoringTestAlertEndpoint" name="test_test_alert_endpoint_requires_auth" time="0.117" /><testcase classname="backend.tests.test_sprint_d_monitoring.TestMonitoringTestAlertEndpoint" name="test_test_alert_with_different_types" time="0.414" /><testcase classname="backend.tests.test_sprint_d_monitoring.TestMonitoringSummaryEndpoint" name="test_summary_endpoint_exists" time="0.112" /><testcase classname="backend.tests.test_sprint_d_monitoring.TestMonitoringSummaryEndpoint" name="test_summary_endpoint_requires_auth" time="0.111" /><testcase classname="backend.tests.test_sprint_d_monitoring.TestMonitoringRouterIntegration" name="test_all_monitoring_endpoints_return_401_not_404" time="0.606" /><testcase classname="backend.tests.test_sprint_d_monitoring.TestMonitoringRouterIntegration" name="test_monitoring_router_prefix_is_correct" time="0.207" /><testcase classname="backend.tests.test_sprint_d_source_strategy.TestBackendStabilityAfterSourceStrategyRouter" name="test_health_endpoint_returns_200" time="0.099" /><testcase classname="backend.tests.test_sprint_d_source_strategy.TestBackendStabilityAfterSourceStrategyRouter" name="test_health_contains_timestamp" time="0.102" /><testcase classname="backend.tests.test_sprint_d_source_strategy.TestSourceStrategyAnalyzeEndpoint" name="test_analyze_endpoint_exists" time="0.103" /><testcase classname="backend.tests.test_sprint_d_source_strategy.TestSourceStrategyAnalyzeEndpoint" name="test_analyze_endpoint_requires_auth" time="0.102" /><testcase classname="backend.tests.test_sprint_d_source_strategy.TestSourceStrategyAnalyzeEndpoint" name="test_analyze_endpoint_validates_request_body" time="0.120" /><testcase classname="backend.tests.test_sprint_d_source_strategy.TestSourceStrategyRecommendationsEndpoint" name="test_recommendations_endpoint_exists" time="0.130" /><testcase classname="backend.tests.test_sprint_d_source_strategy.TestSourceStrategyRecommendationsEndpoint" name="test_recommendations_endpoint_requires_auth" time="0.100" /><testcase classname="backend.tests.test_sprint_d_source_strategy.TestSourceStrategyAuthorityRankingEndpoint" name="test_authority_ranking_endpoint_exists" time="0.105" /><testcase classname="backend.tests.test_sprint_d_source_strategy.TestSourceStrategyAuthorityRankingEndpoint" name="test_authority_ranking_endpoint_requires_auth" time="0.102" /><testcase classname="backend.tests.test_sprint_d_source_strategy.TestSourceStrategyExtractSourcesEndpoint" name="test_extract_sources_endpoint_exists" time="0.107" /><testcase classname="backend.tests.test_sprint_d_source_strategy.TestSourceStrategyExtractSourcesEndpoint" name="test_extract_sources_endpoint_requires_auth" time="0.130" /><testcase classname="backend.tests.test_sprint_d_source_strategy.TestSourceStrategyExtractSourcesEndpoint" name="test_extract_sources_with_research_content" time="0.113" /><testcase classname="backend.tests.test_sprint_d_source_strategy.TestSourceStrategyExtractSourcesEndpoint" name="test_extract_sources_with_statistics_content" time="0.108" /><testcase classname="backend.tests.test_sprint_d_source_strategy.TestSourceStrategyRouterIntegration" name="test_all_source_strategy_endpoints_return_401_not_404" time="0.426" /><testcase classname="backend.tests.test_sprint_d_source_strategy.TestSourceStrategyRouterIntegration" name="test_source_strategy_router_prefix_is_correct" time="0.213" /><testcase classname="backend.tests.test_sprint_d_source_strategy.TestSourcePatternExtraction" name="test_source_patterns_defined" time="1.777" /><testcase classname="backend.tests.test_sprint_d_source_strategy.TestSourcePatternExtraction" name="test_source_authority_scores_defined" time="0.000" /><testcase classname="backend.tests.test_sprint_d_source_strategy.TestSourcePatternExtraction" name="test_extract_sources_from_text_function" time="0.002" /><testcase classname="backend.tests.test_sprint_d_source_strategy.TestSourcePatternExtraction" name="test_generate_seeding_recommendations_function" time="0.000" /><testcase classname="backend.tests.test_sprint_d_source_strategy.TestSourcePatternExtraction" name="test_calculate_credibility_score_function" time="0.000" /><testcase classname="backend.tests.test_sprint_d_source_strategy.TestSourcePatternExtraction" name="test_analyze_source_gaps_function" time="0.000" /><testcase classname="backend.tests.test_sprint_d_structured_data.TestBackendStabilityAfterSprintD" name="test_health_endpoint_returns_200" time="0.116" /><testcase classname="backend.tests.test_sprint_d_structured_data.TestBackendStabilityAfterSprintD" name="test_health_contains_timestamp" time="0.109" /><testcase classname="backend.tests.test_sprint_d_structured_data.TestStructuredDataTemplatesEndpoint" name="test_templates_endpoint_exists" time="0.108" /><testcase classname="backend.tests.test_sprint_d_structured_data.TestStructuredDataTemplatesEndpoint" name="test_templates_endpoint_requires_auth" time="0.122" /><testcase classname="backend.tests.test_sprint_d_structured_data.TestOrganizationSchemaEndpoint" name="test_organization_endpoint_exists" time="0.107" /><testcase classname="backend.tests.test_sprint_d_structured_data.TestOrganizationSchemaEndpoint" name="test_organization_endpoint_requires_auth" time="0.101" /><testcase classname="backend.tests.test_sprint_d_structured_data.TestProductSchemaEndpoint" name="test_product_endpoint_exists" time="0.099" /><testcase classname="backend.tests.test_sprint_d_structured_data.TestProductSchemaEndpoint" name="test_product_endpoint_requires_auth" time="0.112" /><testcase classname="backend.tests.test_sprint_d_structured_data.TestFAQSchemaEndpoint" name="test_faq_endpoint_exists" time="0.104" /><testcase classname="backend.tests.test_sprint_d_structured_data.TestFAQSchemaEndpoint" name="test_faq_endpoint_requires_auth" time="0.096" /><testcase classname="backend.tests.test_sprint_d_structured_data.TestArticleSchemaEndpoint" name="test_article_endpoint_exists" time="0.112" /><testcase classname="backend.tests.test_sprint_d_structured_data.TestArticleSchemaEndpoint" name="test_article_endpoint_requires_auth" time="0.109" /><testcase classname="backend.tests.test_sprint_d_structured_data.TestHowToSchemaEndpoint" name="test_howto_endpoint_exists" time="0.105" /><testcase classname="backend.tests.test_sprint_d_structured_data.TestHowToSchemaEndpoint" name="test_howto_endpoint_requires_auth" time="0.125" /><testcase classname="backend.tests.test_sprint_d_structured_data.TestLocalBusinessSchemaEndpoint" name="test_local_business_endpoint_exists" time="0.121" /><testcase classname="backend.tests.test_sprint_d_structured_data.TestLocalBusinessSchemaEndpoint" name="test_local_business_endpoint_requires_auth" time="0.119" /><testcase classname="backend.tests.test_sprint_d_structured_data.TestSchemaGeneratorFunctions" name="test_generate_organization_schema_basic" time="0.005" /><testcase classname="backend.tests.test_sprint_d_structured_data.TestSchemaGeneratorFunctions" name="test_generate_organization_schema_with_optional_fields" time="0.000" /><testcase classname="backend.tests.test_sprint_d_structured_data.TestSchemaGeneratorFunctions" name="test_generate_product_schema_basic" time="0.000" /><testcase classname="backend.tests.test_sprint_d_structured_data.TestSchemaGeneratorFunctions" name="test_generate_product_schema_with_price_and_rating" time="0.001" /><testcase classname="backend.tests.test_sprint_d_structured_data.TestSchemaGeneratorFunctions" name="test_generate_faq_schema" time="0.000" /><testcase classname="backend.tests.test_sprint_d_structured_data.TestSchemaGeneratorFunctions" name="test_generate_article_schema_basic" time="0.000" /><testcase classname="backend.tests.test_sprint_d_structured_data.TestSchemaGeneratorFunctions" name="test_generate_article_schema_with_optional_fields" time="0.000" /><testcase classname="backend.tests.test_sprint_d_structured_data.TestSchemaGeneratorFunctions" name="test_generate_howto_schema" time="0.000" /><testcase classname="backend.tests.test_sprint_d_structured_data.TestSchemaGeneratorFunctions" name="test_generate_local_business_schema" time="0.000" /><testcase classname="backend.tests.test_sprint_d_structured_data.TestSchemaGeneratorFunctions" name="test_format_json_ld" time="0.000" /><testcase classname="backend.tests.test_sprint_d_structured_data.TestSchemaValidation" name="test_organization_schema_without_optional_fields" time="0.000" /><testcase classname="backend.tests.test_sprint_d_structured_data.TestSchemaValidation" name="test_product_schema_without_price" time="0.000" /><testcase classname="backend.tests.test_sprint_d_structured_data.TestSchemaValidation" name="test_faq_schema_empty_questions" time="0.000" /><testcase classname="backend.tests.test_sprint_d_structured_data.TestSchemaValidation" name="test_howto_schema_step_positions" time="0.000" /><testcase classname="backend.tests.test_sprint_d_structured_data.TestSchemaValidation" name="test_local_business_schema_minimal" time="0.000" /><testcase classname="backend.tests.test_sprint_d_structured_data.TestTemplatesResponse" name="test_templates_structure" time="0.000" /></testsuite></testsuites>