<?xml version="1.0" encoding="utf-8"?><testsuites name="pytest tests"><testsuite name="pytest" errors="0" failures="0" skipped="0" tests="22" time="4.354" timestamp="2026-03-16T14:46:12.631708+00:00" hostname="agent-env-7b0009d5-5622-4a9f-9f0d-6e2bb5b217dc"><testcase classname="tests.test_critical_fixes.TestHealthEndpoint" name="test_health_returns_200" time="0.161" /><testcase classname="tests.test_critical_fixes.TestHealthEndpoint" name="test_health_contains_timestamp" time="0.108" /><testcase classname="tests.test_critical_fixes.TestOrganizationsEndpoint" name="test_organizations_no_auth_returns_401" time="0.114" /><testcase classname="tests.test_critical_fixes.TestOrganizationsEndpoint" name="test_organizations_create_no_auth_returns_401" time="0.112" /><testcase classname="tests.test_critical_fixes.TestOrganizationsEndpoint" name="test_organizations_no_500_error" time="0.120" /><testcase classname="tests.test_critical_fixes.TestAnalysisEndpoint" name="test_analysis_detail_no_auth_returns_401" time="0.120" /><testcase classname="tests.test_critical_fixes.TestAnalysisEndpoint" name="test_analysis_status_no_auth_returns_401" time="0.182" /><testcase classname="tests.test_critical_fixes.TestAnalysisEndpoint" name="test_analysis_quota_no_auth_returns_401" time="0.137" /><testcase classname="tests.test_critical_fixes.TestAnalysisEndpoint" name="test_analysis_no_500_error" time="0.137" /><testcase classname="tests.test_critical_fixes.TestAnalysisRouterImports" name="test_analysis_router_imports" time="1.929" /><testcase classname="tests.test_critical_fixes.TestAnalysisRouterImports" name="test_analysis_router_has_get_endpoint" time="0.000" /><testcase classname="tests.test_critical_fixes.TestAnalysisRouterImports" name="test_analysis_router_endpoints_exist" time="0.000" /><testcase classname="tests.test_critical_fixes.TestOrganizationsRouterFix" name="test_organizations_router_imports" time="0.000" /><testcase classname="tests.test_critical_fixes.TestOrganizationsRouterFix" name="test_get_current_user_function" time="0.001" /><testcase classname="tests.test_critical_fixes.TestAnalysisModelFields" name="test_analysis_model_has_progress_fields" time="0.000" /><testcase classname="tests.test_critical_fixes.TestAnalysisModelFields" name="test_analysis_model_progress_field_types" time="0.000" /><testcase classname="tests.test_critical_fixes.TestAnalysisServiceResponse" name="test_analysis_service_to_dict_exists" time="0.000" /><testcase classname="tests.test_critical_fixes.TestAnalysisServiceResponse" name="test_analysis_service_has_required_methods" time="0.000" /><testcase classname="tests.test_critical_fixes.TestSubscriptionPlansConfig" name="test_subscription_plans_endpoint" time="0.157" /><testcase classname="tests.test_critical_fixes.TestSubscriptionPlansConfig" name="test_free_plan_in_config" time="0.000" /><testcase classname="tests.test_critical_fixes.TestDatabaseConnection" name="test_database_is_reachable" time="0.116" /><testcase classname="tests.test_critical_fixes.TestEndpointIntegration" name="test_all_protected_endpoints_return_401_not_500" time="0.894" /></testsuite></testsuites>