<?xml version="1.0" encoding="utf-8"?><testsuites name="pytest tests"><testsuite name="pytest" errors="0" failures="0" skipped="0" tests="31" time="4.016" timestamp="2026-03-13T00:04:43.953010+00:00" hostname="agent-env-5152facf-216d-4712-95ce-3122fca70b44"><testcase classname="tests.test_analyses_endpoints.TestAnalysesRouterImports" name="test_analyses_router_import" time="1.958" /><testcase classname="tests.test_analyses_endpoints.TestAnalysesRouterImports" name="test_analysis_router_import" time="0.000" /><testcase classname="tests.test_analyses_endpoints.TestAnalysesRouterImports" name="test_analysis_service_import" time="0.000" /><testcase classname="tests.test_analyses_endpoints.TestAnalysesRouterImports" name="test_project_service_import" time="0.000" /><testcase classname="tests.test_analyses_endpoints.TestAnalysesEndpointWithoutAuth" name="test_analyses_list_requires_auth" time="0.209" /><testcase classname="tests.test_analyses_endpoints.TestAnalysesEndpointWithoutAuth" name="test_analyses_list_with_project_requires_auth" time="0.157" /><testcase classname="tests.test_analyses_endpoints.TestAnalysesEndpointWithoutAuth" name="test_analyses_history_requires_auth" time="0.108" /><testcase classname="tests.test_analyses_endpoints.TestAnalysesEndpointWithoutAuth" name="test_analysis_detail_requires_auth" time="0.095" /><testcase classname="tests.test_analyses_endpoints.TestAnalysisEndpointWithoutAuth" name="test_analysis_start_requires_auth" time="0.149" /><testcase classname="tests.test_analyses_endpoints.TestAnalysisEndpointWithoutAuth" name="test_analysis_status_requires_auth" time="0.125" /><testcase classname="tests.test_analyses_endpoints.TestAnalysisEndpointWithoutAuth" name="test_analysis_results_requires_auth" time="0.119" /><testcase classname="tests.test_analyses_endpoints.TestAnalysisEndpointWithoutAuth" name="test_analysis_cancel_requires_auth" time="0.111" /><testcase classname="tests.test_analyses_endpoints.TestAnalysisEndpointWithoutAuth" name="test_analysis_quota_requires_auth" time="0.102" /><testcase classname="tests.test_analyses_endpoints.TestAnalysisServiceMethods" name="test_analysis_service_get_by_id_async" time="0.000" /><testcase classname="tests.test_analyses_endpoints.TestAnalysisServiceMethods" name="test_analysis_service_get_by_project_async" time="0.000" /><testcase classname="tests.test_analyses_endpoints.TestAnalysisServiceMethods" name="test_analysis_service_get_by_user_async" time="0.000" /><testcase classname="tests.test_analyses_endpoints.TestAnalysisServiceMethods" name="test_analysis_service_create_async" time="0.000" /><testcase classname="tests.test_analyses_endpoints.TestAnalysisServiceMethods" name="test_analysis_service_update_async" time="0.000" /><testcase classname="tests.test_analyses_endpoints.TestAnalysisServiceMethods" name="test_analysis_service_to_dict_static" time="0.000" /><testcase classname="tests.test_analyses_endpoints.TestAnalysisModelsImport" name="test_analysis_model_import" time="0.000" /><testcase classname="tests.test_analyses_endpoints.TestAnalysisModelsImport" name="test_analysis_status_enum_import" time="0.001" /><testcase classname="tests.test_analyses_endpoints.TestAnalysisModelsImport" name="test_analysis_model_has_required_fields" time="0.000" /><testcase classname="tests.test_analyses_endpoints.TestRouterEndpointsRegistration" name="test_analyses_routes_available" time="0.110" /><testcase classname="tests.test_analyses_endpoints.TestRouterEndpointsRegistration" name="test_analyses_history_route_available" time="0.143" /><testcase classname="tests.test_analyses_endpoints.TestRouterEndpointsRegistration" name="test_analysis_detail_route_available" time="0.105" /><testcase classname="tests.test_analyses_endpoints.TestRouterEndpointsRegistration" name="test_analysis_start_route_available" time="0.141" /><testcase classname="tests.test_analyses_endpoints.TestRouterEndpointsRegistration" name="test_analysis_quota_route_available" time="0.100" /><testcase classname="tests.test_analyses_endpoints.TestDatabaseAsyncOperations" name="test_session_maker_context_manager" time="0.001" /><testcase classname="tests.test_analyses_endpoints.TestDatabaseAsyncOperations" name="test_analysis_query_returns_list" time="0.052" /><testcase classname="tests.test_analyses_endpoints.TestDatabaseAsyncOperations" name="test_analysis_get_by_id_returns_none_for_nonexistent" time="0.031" /><testcase classname="tests.test_analyses_endpoints.TestHealthEndpoint" name="test_health_endpoint_returns_healthy" time="0.127" /></testsuite></testsuites>